<?xml version="1.0" encoding="UTF-8"?>
<!-- Generated by org.testng.reporters.JUnitXMLReporter -->
<testsuite ignored="0" hostname="DESKTOP-5TBME2O" failures="0" tests="1" name="My Test" time="7.524" errors="0" timestamp="2024-01-16T08:02:56 IST">
  <testcase classname="grocery_testcase.BaseClass" name="@BeforeMethod beforeMethod" time="-1.705372372147E9">
    <failure type="org.testng.TestNGException" message="
Parameter &amp;apos;browser&amp;apos; is required by BeforeMethod on method beforeMethod but has not been marked @Optional or defined
in H:\eclipse program\Grocery_App_Projrct\ExtendReport.xml">
      <![CDATA[org.testng.TestNGException: 
Parameter 'browser' is required by BeforeMethod on method beforeMethod but has not been marked @Optional or defined
in H:\eclipse program\Grocery_App_Projrct\ExtendReport.xml
at java.base/java.util.ArrayList.forEach(ArrayList.java:1511)
... Removed 28 stack frames]]>
    </failure>
  </testcase> <!-- @BeforeMethod beforeMethod -->
  <testcase classname="grocery_testcase.BaseClass" name="@AfterMethod afterMethod" time="0.0">
    <skipped/>
  </testcase> <!-- @AfterMethod afterMethod -->
  <testcase classname="grocery_testcase.LoginTestCase" name="verifyLogin" time="0.0">
    <skipped/>
  </testcase> <!-- verifyLogin -->
</testsuite> <!-- My Test -->
